文件：USER_PROGRAM.C 编译器版本 HGASM 0202 页次1


   1  0000              ; Generated by holtek-gcc v3.19, Tue Mar 02 11:45:03 2021
   2  0000              ; 
   3  0000              ; Configuration:
   4  0000              ;       with long instruction
   5  0000              ;       Single ROM, Multi-RAM
   6  0000              ;       bits_per_rom_unit:16
   7  0000              ;       with mp1
   8  0000              ;       with tbhp, address(0x9)
   9  0000              ;          Use tabrd-const
  10  0000              ;       
  11  0000              ; SFR address of long-instruction arch:
  12  0000              ;    mp0 = -1,1,0
  13  0000              ;    mp1 = 4,3,2
  14  0000              ;    mp2 = 14,13,12
  15  0000              ;    tbp = 9,7,8
  16  0000              ;    acc = 5
  17  0000              ;    pcl = 6
  18  0000              ;    status = 10
  19  0000              ;    bp = 11
  20  0000              ;    intc = 16
  21  0000              ;       
  22  0000              ;       
  23  0000              ; use 'tabrdc' instead of 'tabrd'
  24  0000              ;       
  25  0000              
  26  0000              #pragma translator "holtek-gcc 4.6.4" "3.19" "build 20130711"
  27  0000              ; Rebuild 718
  28  0000              
  29  0000              ir equ [2]
  30  0000              mp equ [3]
  31  0000              sbp equ [4]
  32  0000              acc equ [5]
  33  0000              bp equ [11]
  34  0000              tblp equ [7]
  35  0000              tbhp equ [9]
  36  0000              status equ [10]
  37  0000              c equ [10].0
  38  0000              ac equ [10].1
  39  0000              z equ [10].2
  40  0000              ov equ [10].3
  41  0000              cz equ [10].6
  42  0000              sc equ [10].7
  43  0000              intc equ [16]
  44  0000              
  45  0000              extern ra:byte
  46  0000              extern rb:byte
  47  0000              extern rc:byte
  48  0000              extern rd:byte
  49  0000              extern re:byte
  50  0000              extern rf:byte
  51  0000              extern rg:byte
  52  0000              extern rh:byte
  53  0000              extern _Crom2Prom:near
  54  0000              extern _Crom2PromNext:near
  55  0000              
  56  0000              RAMBANK 0 @BITDATASEC, @BITDATASEC1
  57  0000              @HCCINIT	.section 'data'
  58  0000              @HCCINIT0	.section 'data'
  59  0000              @BITDATASEC	 .section 'data'
文件：USER_PROGRAM.ASM 编译器版本 HGASM 0202 页次2

  60  0000              @BITDATASEC1	 .section 'data'
  61  0000              
  62  0000              #pragma debug scope 1 1
  63  0000              	extern __DELAY3:near
  64  0000              	extern __DELAYX3:near
  65  0000              	extern __DELAYX6:near
  66  0000              	extern __DELAYY5:near
  67  0000              	extern __DELAYY3:near
  68  0000              	extern _builtin_holtek_delay_2:byte
  69  0000              ___papu equ [22]
  70  0000              ___pac equ [21]
  71  0000              ___pa equ [20]
  72  0000              public _USER_PROGRAM_INITIAL
  73  0000              #pragma debug scope 2 1

  19  0000              #line 19 "c:\users\15195\desktop\workspace\simplekeylock20210301\bs86d12c_20180123_libv413-v3\bs86d12c_20180123_libv413\USER_PROGRAM\USER_PROGRAM.C"
  19  0000              _USER_PROGRAM_INITIAL .section 'code'
  19  0000              _USER_PROGRAM_INITIAL proc
  20  0000              #line 20 "c:\users\15195\desktop\workspace\simplekeylock20210301\bs86d12c_20180123_libv413-v3\bs86d12c_20180123_libv413\USER_PROGRAM\USER_PROGRAM.C"
  20  0000  1F16        	clr [22]
  21  0001              #line 21 "c:\users\15195\desktop\workspace\simplekeylock20210301\bs86d12c_20180123_libv413-v3\bs86d12c_20180123_libv413\USER_PROGRAM\USER_PROGRAM.C"
  21  0001  1F15        	clr [21]
  22  0002              #line 22 "c:\users\15195\desktop\workspace\simplekeylock20210301\bs86d12c_20180123_libv413-v3\bs86d12c_20180123_libv413\USER_PROGRAM\USER_PROGRAM.C"
  22  0002  1F14        	clr [20]
  22  0003  0003        	ret
  22  0004              _USER_PROGRAM_INITIAL endp
  22  0004              #line 22 "c:\users\15195\desktop\workspace\simplekeylock20210301\bs86d12c_20180123_libv413-v3\bs86d12c_20180123_libv413\USER_PROGRAM\USER_PROGRAM.C"
  22  0004              #pragma debug scope 1 1
  22  0004              public _USER_PROGRAM
  22  0004              #pragma debug scope 3 1
  29  0004              #line 29 "c:\users\15195\desktop\workspace\simplekeylock20210301\bs86d12c_20180123_libv413-v3\bs86d12c_20180123_libv413\USER_PROGRAM\USER_PROGRAM.C"
  29  0000              _USER_PROGRAM .section 'code'
  29  0000              _USER_PROGRAM proc
  43  0000              #line 43 "c:\users\15195\desktop\workspace\simplekeylock20210301\bs86d12c_20180123_libv413-v3\bs86d12c_20180123_libv413\USER_PROGRAM\USER_PROGRAM.C"
  43  0000  0F80        	mov a,128
  43  0001  0394        	addm a,[20]
  44  0002              #line 44 "c:\users\15195\desktop\workspace\simplekeylock20210301\bs86d12c_20180123_libv413-v3\bs86d12c_20180123_libv413\USER_PROGRAM\USER_PROGRAM.C"
  44  0002  3800     E  	snz _TKS_FLAGA[0].3
  44  0003  2800     R  	jmp _L2
  46  0004              #line 46 "c:\users\15195\desktop\workspace\simplekeylock20210301\bs86d12c_20180123_libv413-v3\bs86d12c_20180123_libv413\USER_PROGRAM\USER_PROGRAM.C"
  46  0004  0F01        	mov a,1
  46  0005  0494        	xorm a,[20]
  47  0006              #line 47 "c:\users\15195\desktop\workspace\simplekeylock20210301\bs86d12c_20180123_libv413-v3\bs86d12c_20180123_libv413\USER_PROGRAM\USER_PROGRAM.C"
  47  0006  0F01        	mov a,1
  47  0007  0080     E  	mov _STANDBY_TIME[0],a
  47  0008              _L2:
  47  0008  0003        	ret
  47  0009              _USER_PROGRAM endp
  47  0009              #line 47 "c:\users\15195\desktop\workspace\simplekeylock20210301\bs86d12c_20180123_libv413-v3\bs86d12c_20180123_libv413\USER_PROGRAM\USER_PROGRAM.C"
  47  0009              #pragma debug scope 1 1
  47  0009              #pragma debug struct_end
  47  0009              #pragma debug struct_end
  47  0009              #pragma debug union_end
  47  0009              #pragma debug union_end
  47  0009              #pragma debug variable 43 1 ___pa "__pa" 1
  47  0009              #pragma debug struct_end
  47  0009              #pragma debug struct_end
  47  0009              #pragma debug union_end
  47  0009              #pragma debug union_end
  47  0009              #pragma debug variable 45 1 ___pac "__pac" 1
文件：USER_PROGRAM.C 编译器版本 HGASM 0202 页次3

  47  0009              #pragma debug struct_end
  47  0009              #pragma debug struct_end
  47  0009              #pragma debug union_end
  47  0009              #pragma debug union_end
  47  0009              #pragma debug variable 47 1 ___papu "__papu" 1
  47  0009              
  47  0009              ; output external variables
  47  0009              extern _STANDBY_TIME:byte
  47  0009              extern _TKS_FLAGA:byte
  47  0009              
  47  0009              ; 
  47  0009              ; Generated by holtek-gcc v3.19, Tue Mar 02 11:45:03 2021
  47  0009              ; Rebuild 718
  47  0009              ; end of file


        0 Errors, 0